<?xml version="1.0" encoding="utf-8"?><testsuites name="pytest tests"><testsuite name="pytest" errors="0" failures="0" skipped="0" tests="7" time="3.385" timestamp="2026-03-12T03:53:41.131169+00:00" hostname="agent-env-77034e78-0375-4290-a144-307658039e05"><testcase classname="backend.tests.test_iteration7.TestAdminAuth" name="test_admin_login" time="1.486" /><testcase classname="backend.tests.test_iteration7.TestSettings" name="test_get_settings_has_free_categories" time="0.176" /><testcase classname="backend.tests.test_iteration7.TestSettings" name="test_put_settings_free_categories" time="0.365" /><testcase classname="backend.tests.test_iteration7.TestCategories" name="test_get_categories" time="0.209" /><testcase classname="backend.tests.test_iteration7.TestAIGenerate" name="test_ai_generate_requires_auth" time="0.180" /><testcase classname="backend.tests.test_iteration7.TestAIGenerate" name="test_ai_save_requires_auth" time="0.229" /><testcase classname="backend.tests.test_iteration7.TestAIGenerate" name="test_ai_save_empty_fails" time="0.212" /></testsuite></testsuites>