<?xml version="1.0" encoding="utf-8"?><testsuites name="pytest tests"><testsuite name="pytest" errors="0" failures="0" skipped="0" tests="6" time="3.245" timestamp="2026-03-12T19:36:21.382381+00:00" hostname="agent-env-77034e78-0375-4290-a144-307658039e05"><testcase classname="backend.tests.test_iteration8" name="test_free_categories_structure" time="0.293" /><testcase classname="backend.tests.test_iteration8" name="test_settings_trial_categories_persistence" time="0.661" /><testcase classname="backend.tests.test_iteration8" name="test_toggle_experimental" time="0.552" /><testcase classname="backend.tests.test_iteration8" name="test_session_creation_is_trial" time="0.365" /><testcase classname="backend.tests.test_iteration8" name="test_ai_generate_with_gemini" time="0.833" /><testcase classname="backend.tests.test_iteration8" name="test_free_categories_not_hardcoded" time="0.313" /></testsuite></testsuites>