<?xml version="1.0" encoding="utf-8"?><testsuites name="pytest tests"><testsuite name="pytest" errors="0" failures="0" skipped="1" tests="6" time="1.518" timestamp="2026-04-07T04:36:00.380953+00:00" hostname="agent-env-77034e78-0375-4290-a144-307658039e05"><testcase classname="backend.tests.test_iter19.TestAdminAuth" name="test_admin_login" time="0.332" /><testcase classname="backend.tests.test_iter19.TestPatchPendingQuestion" name="test_patch_nonexistent_returns_404" time="0.290" /><testcase classname="backend.tests.test_iter19.TestPatchPendingQuestion" name="test_patch_no_valid_fields_returns_400" time="0.170" /><testcase classname="backend.tests.test_iter19.TestPatchPendingQuestion" name="test_patch_requires_auth" time="0.130" /><testcase classname="backend.tests.test_iter19.TestPatchPendingQuestion" name="test_pending_list_endpoint" time="0.170" /><testcase classname="backend.tests.test_iter19.TestPatchPendingQuestion" name="test_patch_existing_pending_question" time="0.187"><skipped type="pytest.skip" message="No pending questions available">/app/backend/tests/test_iter19.py:76: No pending questions available</skipped></testcase></testsuite></testsuites>