<?xml version="1.0" encoding="utf-8"?><testsuites name="pytest tests"><testsuite name="pytest" errors="0" failures="1" skipped="0" tests="17" time="16.341" timestamp="2026-03-31T03:15:57.031909+00:00" hostname="agent-env-77034e78-0375-4290-a144-307658039e05"><testcase classname="backend.tests.test_iteration18.TestAdminLogin" name="test_admin_login_success" time="0.322" /><testcase classname="backend.tests.test_iteration18.TestAdminLogin" name="test_admin_login_wrong_password" time="0.174" /><testcase classname="backend.tests.test_iteration18.TestPendingQuestions" name="test_get_pending_requires_auth" time="0.167" /><testcase classname="backend.tests.test_iteration18.TestPendingQuestions" name="test_get_pending_returns_items_and_total" time="0.367" /><testcase classname="backend.tests.test_iteration18.TestImportQuestions" name="test_import_json_questions" time="0.320" /><testcase classname="backend.tests.test_iteration18.TestImportQuestions" name="test_import_requires_auth" time="0.206" /><testcase classname="backend.tests.test_iteration18.TestImportQuestions" name="test_import_invalid_format" time="0.123" /><testcase classname="backend.tests.test_iteration18.TestApproveRejectPending" name="test_approve_all_pending" time="0.293" /><testcase classname="backend.tests.test_iteration18.TestApproveRejectPending" name="test_approve_all_when_empty" time="0.175" /><testcase classname="backend.tests.test_iteration18.TestApproveRejectPending" name="test_approve_single" time="0.391" /><testcase classname="backend.tests.test_iteration18.TestApproveRejectPending" name="test_reject_single" time="0.409" /><testcase classname="backend.tests.test_iteration18.TestApproveRejectPending" name="test_approve_nonexistent_returns_404" time="0.133" /><testcase classname="backend.tests.test_iteration18.TestPaylinkEndpoints" name="test_paylink_initiate_requires_auth" time="0.117" /><testcase classname="backend.tests.test_iteration18.TestPaylinkEndpoints" name="test_paylink_initiate_with_auth_503_or_502" time="2.008" /><testcase classname="backend.tests.test_iteration18.TestPaylinkEndpoints" name="test_paylink_status_no_auth" time="1.120" /><testcase classname="backend.tests.test_iteration18.TestAIGenerateQuestions" name="test_ai_generate_full18" time="9.469" /><testcase classname="backend.tests.test_iteration18.TestPaymentSuccess" name="test_health_check" time="0.135"><failure message="assert 404 == 200&#10; +  where 404 = &lt;Response [404]&gt;.status_code">backend/tests/test_iteration18.py:239: in test_health_check
    assert resp.status_code == 200
E   assert 404 == 200
E    +  where 404 = &lt;Response [404]&gt;.status_code</failure></testcase></testsuite></testsuites>