<?xml version="1.0" encoding="utf-8"?><testsuites name="pytest tests"><testsuite name="pytest" errors="0" failures="0" skipped="0" tests="16" time="2.832" timestamp="2026-03-10T07:30:14.196748+00:00" hostname="agent-env-77034e78-0375-4290-a144-307658039e05"><testcase classname="backend.tests.test_hujjah_v3.TestAuth" name="test_register_new_user" time="0.741" /><testcase classname="backend.tests.test_hujjah_v3.TestAuth" name="test_register_duplicate_email" time="0.432" /><testcase classname="backend.tests.test_hujjah_v3.TestAuth" name="test_login_success" time="0.382" /><testcase classname="backend.tests.test_hujjah_v3.TestAuth" name="test_login_wrong_password" time="0.379" /><testcase classname="backend.tests.test_hujjah_v3.TestAuth" name="test_get_me" time="0.052" /><testcase classname="backend.tests.test_hujjah_v3.TestAuth" name="test_get_me_no_token" time="0.054" /><testcase classname="backend.tests.test_hujjah_v3.TestAdminAuth" name="test_admin_login_success" time="0.051" /><testcase classname="backend.tests.test_hujjah_v3.TestAdminAuth" name="test_admin_login_wrong" time="0.047" /><testcase classname="backend.tests.test_hujjah_v3.TestAdminAuth" name="test_admin_verify" time="0.096" /><testcase classname="backend.tests.test_hujjah_v3.TestAdminUsers" name="test_list_users" time="0.056" /><testcase classname="backend.tests.test_hujjah_v3.TestAdminUsers" name="test_list_users_no_auth" time="0.055" /><testcase classname="backend.tests.test_hujjah_v3.TestAdminAnalytics" name="test_analytics" time="0.072" /><testcase classname="backend.tests.test_hujjah_v3.TestCategories" name="test_get_categories" time="0.050" /><testcase classname="backend.tests.test_hujjah_v3.TestSubscription" name="test_get_plans" time="0.052" /><testcase classname="backend.tests.test_hujjah_v3.TestSubscription" name="test_checkout_requires_auth" time="0.048" /><testcase classname="backend.tests.test_hujjah_v3.TestGameSession" name="test_create_session" time="0.052" /></testsuite></testsuites>