<?xml version="1.0" encoding="utf-8"?><testsuites name="pytest tests"><testsuite name="pytest" errors="0" failures="0" skipped="0" tests="9" time="3.102" timestamp="2026-03-10T09:00:17.933494+00:00" hostname="agent-env-77034e78-0375-4290-a144-307658039e05"><testcase classname="backend.tests.test_hujjah_v4.TestFreeCategoriesAPI" name="test_free_categories_returns_6" time="0.343" /><testcase classname="backend.tests.test_hujjah_v4.TestFreeCategoriesAPI" name="test_free_categories_correct_ids" time="0.145" /><testcase classname="backend.tests.test_hujjah_v4.TestFreeCategoriesAPI" name="test_free_categories_have_image_urls" time="0.140" /><testcase classname="backend.tests.test_hujjah_v4.TestCategoriesAPI" name="test_all_categories_have_image_url" time="0.136" /><testcase classname="backend.tests.test_hujjah_v4.TestCategoriesAPI" name="test_categories_no_mongo_id" time="0.138" /><testcase classname="backend.tests.test_hujjah_v4.TestGameSession" name="test_get_question_slot1" time="0.532" /><testcase classname="backend.tests.test_hujjah_v4.TestGameSession" name="test_get_question_slot2_different" time="0.625" /><testcase classname="backend.tests.test_hujjah_v4.TestGameSession" name="test_session_has_all_6_categories" time="0.692" /><testcase classname="backend.tests.test_hujjah_v4.TestPricingAPI" name="test_checkout_requires_auth" time="0.138" /></testsuite></testsuites>