<?xml version="1.0" encoding="utf-8"?><testsuites name="pytest tests"><testsuite name="pytest" errors="0" failures="0" skipped="0" tests="9" time="18.501" timestamp="2026-03-31T04:11:22.862244+00:00" hostname="agent-env-77034e78-0375-4290-a144-307658039e05"><testcase classname="backend.tests.test_iteration19.TestPaylink" name="test_paylink_initiate_returns_payment_url" time="6.646" /><testcase classname="backend.tests.test_iteration19.TestPaylink" name="test_paylink_verify_known_txn" time="3.493" /><testcase classname="backend.tests.test_iteration19.TestPaylink" name="test_paylink_status_no_auth" time="2.495" /><testcase classname="backend.tests.test_iteration19.TestFileImport" name="test_import_json_file" time="0.349" /><testcase classname="backend.tests.test_iteration19.TestFileImport" name="test_import_txt_file_ai_extraction" time="0.738" /><testcase classname="backend.tests.test_iteration19.TestPendingQuestions" name="test_get_pending_questions" time="0.294" /><testcase classname="backend.tests.test_iteration19.TestPendingQuestions" name="test_approve_and_reject_workflow" time="0.687" /><testcase classname="backend.tests.test_iteration19.TestPendingQuestions" name="test_approve_all" time="3.016" /><testcase classname="backend.tests.test_iteration19.TestPendingQuestions" name="test_bulk_fetch_images" time="0.446" /></testsuite></testsuites>