<?xml version="1.0" encoding="utf-8"?><testsuites name="pytest tests"><testsuite name="pytest" errors="0" failures="0" skipped="0" tests="22" time="5.367" timestamp="2026-03-10T06:00:43.363940+00:00" hostname="agent-env-77034e78-0375-4290-a144-307658039e05"><testcase classname="backend.tests.test_hujjah.TestAuth" name="test_login_success" time="0.270" /><testcase classname="backend.tests.test_hujjah.TestAuth" name="test_login_wrong_password" time="0.130" /><testcase classname="backend.tests.test_hujjah.TestAuth" name="test_verify_token" time="0.280" /><testcase classname="backend.tests.test_hujjah.TestCategories" name="test_get_categories" time="0.139" /><testcase classname="backend.tests.test_hujjah.TestCategories" name="test_categories_have_7_seeded" time="0.138" /><testcase classname="backend.tests.test_hujjah.TestCategories" name="test_create_category_requires_auth" time="0.149" /><testcase classname="backend.tests.test_hujjah.TestQuestions" name="test_get_all_questions" time="0.170" /><testcase classname="backend.tests.test_hujjah.TestQuestions" name="test_get_questions_by_category" time="0.143" /><testcase classname="backend.tests.test_hujjah.TestQuestions" name="test_get_questions_by_difficulty" time="0.138" /><testcase classname="backend.tests.test_hujjah.TestQuestions" name="test_get_single_question" time="0.310" /><testcase classname="backend.tests.test_hujjah.TestQuestions" name="test_get_question_not_found" time="0.126" /><testcase classname="backend.tests.test_hujjah.TestQuestions" name="test_create_question_requires_auth" time="0.126" /><testcase classname="backend.tests.test_hujjah.TestQuestions" name="test_word_category_has_secret_type" time="0.134" /><testcase classname="backend.tests.test_hujjah.TestGameSession" name="test_create_session" time="0.140" /><testcase classname="backend.tests.test_hujjah.TestGameSession" name="test_get_session" time="0.271" /><testcase classname="backend.tests.test_hujjah.TestGameSession" name="test_update_session_categories" time="0.289" /><testcase classname="backend.tests.test_hujjah.TestGameSession" name="test_get_next_question" time="0.261" /><testcase classname="backend.tests.test_hujjah.TestGameSession" name="test_update_score" time="0.286" /><testcase classname="backend.tests.test_hujjah.TestSecretWord" name="test_get_secret_word" time="0.265" /><testcase classname="backend.tests.test_hujjah.TestSecretWord" name="test_secret_word_not_found" time="0.126" /><testcase classname="backend.tests.test_hujjah.TestAdminCRUD" name="test_create_and_delete_question" time="0.665" /><testcase classname="backend.tests.test_hujjah.TestAdminCRUD" name="test_edit_question" time="0.524" /></testsuite></testsuites>